<?xml version="1.0" encoding="UTF-8"?>
<!-- Generated by org.testng.reporters.JUnitXMLReporter -->
<testsuite hostname="DESKTOP-H0SHG5R" ignored="2" name="Default test" tests="1" failures="0" timestamp="2022-10-15T05:08:57 IST" time="18.867" errors="0">
  <testcase name="Test3" time="13.484" classname="testcases.SimplilearnLoginTest"/>
  <testcase name="Test2" time="0.0" classname="testcases.SimplilearnLoginTest">
    <ignored/>
  </testcase> <!-- Test2 -->
  <testcase name="Test1" time="0.0" classname="testcases.SimplilearnLoginTest">
    <ignored/>
  </testcase> <!-- Test1 -->
</testsuite> <!-- Default test -->
