<?xml version="1.0" encoding="UTF-8"?>
<!-- Generated by org.testng.reporters.JUnitXMLReporter -->
<testsuite hostname="DESKTOP-H0SHG5R" ignored="2" name="Test" tests="4" failures="0" timestamp="2022-09-24T00:53:35 IST" time="57.037" errors="0">
  <testcase name="Test1" time="12.426" classname="testcases.SimplilearnLoginTest"/>
  <testcase name="Test2" time="11.738" classname="testcases.SimplilearnLoginTest"/>
  <testcase name="Test3" time="11.71" classname="testcases.SimplilearnLoginTest"/>
  <testcase name="Test" time="0.001" classname="testcases.HomeTest"/>
  <testcase name="@AfterTest DataClean" time="0.0" classname="testcases.BaseClass">
    <ignored/>
  </testcase> <!-- @AfterTest DataClean -->
  <testcase name="@BeforeTest DataSetup" time="0.0" classname="testcases.BaseClass">
    <ignored/>
  </testcase> <!-- @BeforeTest DataSetup -->
</testsuite> <!-- Test -->
