<?xml version="1.0" encoding="UTF-8"?>
<!-- Generated by org.testng.reporters.JUnitXMLReporter -->
<testsuite hostname="DESKTOP-H0SHG5R" ignored="2" name="Test" tests="4" failures="0" timestamp="2022-10-15T05:15:38 IST" time="55.948" errors="0">
  <testcase name="Test1" time="13.031" classname="testcases.SimplilearnLoginTest"/>
  <testcase name="Test2" time="12.697" classname="testcases.SimplilearnLoginTest"/>
  <testcase name="Test3" time="11.911" classname="testcases.SimplilearnLoginTest"/>
  <testcase name="Test" time="0.003" classname="testcases.HomeTest"/>
  <testcase name="@AfterTest DataClean" time="0.0" classname="testcases.BaseClass">
    <ignored/>
  </testcase> <!-- @AfterTest DataClean -->
  <testcase name="@BeforeTest DataSetup" time="0.0" classname="testcases.BaseClass">
    <ignored/>
  </testcase> <!-- @BeforeTest DataSetup -->
</testsuite> <!-- Test -->
