<?xml version="1.0" encoding="UTF-8"?>
<!-- Generated by org.testng.reporters.JUnitXMLReporter -->
<testsuite hostname="DESKTOP-H0SHG5R" ignored="2" name="Test" tests="4" failures="0" timestamp="24 Sep 2022 04:26:42 GMT" time="54.916" errors="0">
  <testcase name="Test1" time="11.93" classname="testcases.SimplilearnLoginTest"/>
  <testcase name="Test2" time="10.193" classname="testcases.SimplilearnLoginTest"/>
  <testcase name="Test3" time="11.543" classname="testcases.SimplilearnLoginTest"/>
  <testcase name="Test" time="0.001" classname="testcases.HomeTest"/>
  <testcase name="@AfterTest DataClean" time="0.0" classname="testcases.BaseClass">
    <ignored/>
  </testcase> <!-- @AfterTest DataClean -->
  <testcase name="@BeforeTest DataSetup" time="0.0" classname="testcases.BaseClass">
    <ignored/>
  </testcase> <!-- @BeforeTest DataSetup -->
</testsuite> <!-- Test -->
